This file contains any messages produced by compilers while
running configure, to aid debugging if configure makes a mistake.

It was created by Kaya 2010 configure 1.37, which was
generated by GNU Autoconf 2.64.  Invocation command line was

  $ ./configure 

## --------- ##
## Platform. ##
## --------- ##

hostname = ubuntu-desktop
uname -m = i686
uname -r = 2.6.31-22-generic
uname -s = Linux
uname -v = #60-Ubuntu SMP Thu May 27 00:22:23 UTC 2010

/usr/bin/uname -p = unknown
/bin/uname -X     = unknown

/bin/arch              = unknown
/usr/bin/arch -k       = unknown
/usr/convex/getsysinfo = unknown
/usr/bin/hostinfo      = unknown
/bin/machine           = unknown
/usr/bin/oslevel       = unknown
/bin/universe          = unknown

PATH: /usr/local/sbin
PATH: /usr/local/bin
PATH: /usr/sbin
PATH: /usr/bin
PATH: /sbin
PATH: /bin
PATH: /usr/games


## ----------- ##
## Core tests. ##
## ----------- ##

configure:1992: checking for a BSD-compatible install
configure:2060: result: /usr/bin/install -c
configure:2071: checking whether build environment is sane
configure:2121: result: yes
configure:2262: checking for a thread-safe mkdir -p
configure:2301: result: /bin/mkdir -p
configure:2314: checking for gawk
configure:2344: result: no
configure:2314: checking for mawk
configure:2330: found /usr/bin/mawk
configure:2341: result: mawk
configure:2352: checking whether make sets $(MAKE)
configure:2374: result: yes
configure:2504: checking for gcc
configure:2520: found /usr/bin/gcc
configure:2531: result: gcc
configure:2760: checking for C compiler version
configure:2769: gcc --version >&5
gcc (Ubuntu 4.4.1-4ubuntu9) 4.4.1
Copyright (C) 2009 Free Software Foundation, Inc.
This is free software; see the source for copying conditions.  There is NO
warranty; not even for MERCHANTABILITY or FITNESS FOR A PARTICULAR PURPOSE.

configure:2780: $? = 0
configure:2769: gcc -v >&5
Using built-in specs.
Target: i486-linux-gnu
Configured with: ../src/configure -v --with-pkgversion='Ubuntu 4.4.1-4ubuntu9' --with-bugurl=file:///usr/share/doc/gcc-4.4/README.Bugs --enable-languages=c,c++,fortran,objc,obj-c++ --prefix=/usr --enable-shared --enable-multiarch --enable-linker-build-id --with-system-zlib --libexecdir=/usr/lib --without-included-gettext --enable-threads=posix --with-gxx-include-dir=/usr/include/c++/4.4 --program-suffix=-4.4 --enable-nls --enable-clocale=gnu --enable-libstdcxx-debug --enable-objc-gc --enable-targets=all --disable-werror --with-arch-32=i486 --with-tune=generic --enable-checking=release --build=i486-linux-gnu --host=i486-linux-gnu --target=i486-linux-gnu
Thread model: posix
gcc version 4.4.1 (Ubuntu 4.4.1-4ubuntu9) 
configure:2780: $? = 0
configure:2769: gcc -V >&5
gcc: '-V' option must have argument
configure:2780: $? = 1
configure:2769: gcc -qversion >&5
gcc: unrecognized option '-qversion'
gcc: no input files
configure:2780: $? = 1
configure:2802: checking for C compiler default output file name
configure:2824: gcc    conftest.c  >&5
configure:2828: $? = 0
configure:2865: result: a.out
configure:2881: checking whether the C compiler works
configure:2890: ./a.out
configure:2894: $? = 0
configure:2909: result: yes
configure:2916: checking whether we are cross compiling
configure:2918: result: no
configure:2921: checking for suffix of executables
configure:2928: gcc -o conftest    conftest.c  >&5
configure:2932: $? = 0
configure:2954: result: 
configure:2960: checking for suffix of object files
configure:2982: gcc -c   conftest.c >&5
configure:2986: $? = 0
configure:3007: result: o
configure:3011: checking whether we are using the GNU C compiler
configure:3030: gcc -c   conftest.c >&5
configure:3030: $? = 0
configure:3039: result: yes
configure:3048: checking whether gcc accepts -g
configure:3068: gcc -c -g  conftest.c >&5
configure:3068: $? = 0
configure:3109: result: yes
configure:3126: checking for gcc option to accept ISO C89
configure:3190: gcc  -c -g -O2  conftest.c >&5
configure:3190: $? = 0
configure:3203: result: none needed
configure:3234: checking for style of include used by make
configure:3262: result: GNU
configure:3287: checking dependency style of gcc
configure:3397: result: none
configure:3412: checking whether make sets $(MAKE)
configure:3434: result: yes
configure:3450: checking for inline
configure:3466: gcc -c -g -O2  conftest.c >&5
configure:3466: $? = 0
configure:3474: result: inline
configure:3497: checking how to run the C preprocessor
configure:3528: gcc -E  conftest.c
configure:3528: $? = 0
configure:3542: gcc -E  conftest.c
conftest.c:11:28: error: ac_nonexistent.h: No such file or directory
configure:3542: $? = 1
configure: failed program was:
| /* confdefs.h */
| #define PACKAGE_NAME "Kaya 2010"
| #define PACKAGE_TARNAME "kaya-2010"
| #define PACKAGE_VERSION "1.37"
| #define PACKAGE_STRING "Kaya 2010 1.37"
| #define PACKAGE_BUGREPORT "ferrari@cs.unibo.it - iadarola@cs.unibo.it"
| #define PACKAGE_URL ""
| #define PACKAGE "kaya-2010"
| #define VERSION "1.37"
| /* end confdefs.h.  */
| #include <ac_nonexistent.h>
configure:3567: result: gcc -E
configure:3587: gcc -E  conftest.c
configure:3587: $? = 0
configure:3601: gcc -E  conftest.c
conftest.c:11:28: error: ac_nonexistent.h: No such file or directory
configure:3601: $? = 1
configure: failed program was:
| /* confdefs.h */
| #define PACKAGE_NAME "Kaya 2010"
| #define PACKAGE_TARNAME "kaya-2010"
| #define PACKAGE_VERSION "1.37"
| #define PACKAGE_STRING "Kaya 2010 1.37"
| #define PACKAGE_BUGREPORT "ferrari@cs.unibo.it - iadarola@cs.unibo.it"
| #define PACKAGE_URL ""
| #define PACKAGE "kaya-2010"
| #define VERSION "1.37"
| /* end confdefs.h.  */
| #include <ac_nonexistent.h>
configure:3630: checking for grep that handles long lines and -e
configure:3688: result: /bin/grep
configure:3693: checking for egrep
configure:3755: result: /bin/grep -E
configure:3760: checking for ANSI C header files
configure:3780: gcc -c -g -O2  conftest.c >&5
configure:3780: $? = 0
configure:3853: gcc -o conftest -g -O2   conftest.c  >&5
configure:3853: $? = 0
configure:3853: ./conftest
configure:3853: $? = 0
configure:3864: result: yes
configure:3877: checking for sys/types.h
configure:3877: gcc -c -g -O2  conftest.c >&5
configure:3877: $? = 0
configure:3877: result: yes
configure:3877: checking for sys/stat.h
configure:3877: gcc -c -g -O2  conftest.c >&5
configure:3877: $? = 0
configure:3877: result: yes
configure:3877: checking for stdlib.h
configure:3877: gcc -c -g -O2  conftest.c >&5
configure:3877: $? = 0
configure:3877: result: yes
configure:3877: checking for string.h
configure:3877: gcc -c -g -O2  conftest.c >&5
configure:3877: $? = 0
configure:3877: result: yes
configure:3877: checking for memory.h
configure:3877: gcc -c -g -O2  conftest.c >&5
configure:3877: $? = 0
configure:3877: result: yes
configure:3877: checking for strings.h
configure:3877: gcc -c -g -O2  conftest.c >&5
configure:3877: $? = 0
configure:3877: result: yes
configure:3877: checking for inttypes.h
configure:3877: gcc -c -g -O2  conftest.c >&5
configure:3877: $? = 0
configure:3877: result: yes
configure:3877: checking for stdint.h
configure:3877: gcc -c -g -O2  conftest.c >&5
configure:3877: $? = 0
configure:3877: result: yes
configure:3877: checking for unistd.h
configure:3877: gcc -c -g -O2  conftest.c >&5
configure:3877: $? = 0
configure:3877: result: yes
configure:3890: checking for size_t
configure:3890: gcc -c -g -O2  conftest.c >&5
configure:3890: $? = 0
configure:3890: gcc -c -g -O2  conftest.c >&5
conftest.c: In function 'main':
conftest.c:57: error: expected expression before ')' token
configure:3890: $? = 1
configure: failed program was:
| /* confdefs.h */
| #define PACKAGE_NAME "Kaya 2010"
| #define PACKAGE_TARNAME "kaya-2010"
| #define PACKAGE_VERSION "1.37"
| #define PACKAGE_STRING "Kaya 2010 1.37"
| #define PACKAGE_BUGREPORT "ferrari@cs.unibo.it - iadarola@cs.unibo.it"
| #define PACKAGE_URL ""
| #define PACKAGE "kaya-2010"
| #define VERSION "1.37"
| #define STDC_HEADERS 1
| #define HAVE_SYS_TYPES_H 1
| #define HAVE_SYS_STAT_H 1
| #define HAVE_STDLIB_H 1
| #define HAVE_STRING_H 1
| #define HAVE_MEMORY_H 1
| #define HAVE_STRINGS_H 1
| #define HAVE_INTTYPES_H 1
| #define HAVE_STDINT_H 1
| #define HAVE_UNISTD_H 1
| /* end confdefs.h.  */
| #include <stdio.h>
| #ifdef HAVE_SYS_TYPES_H
| # include <sys/types.h>
| #endif
| #ifdef HAVE_SYS_STAT_H
| # include <sys/stat.h>
| #endif
| #ifdef STDC_HEADERS
| # include <stdlib.h>
| # include <stddef.h>
| #else
| # ifdef HAVE_STDLIB_H
| #  include <stdlib.h>
| # endif
| #endif
| #ifdef HAVE_STRING_H
| # if !defined STDC_HEADERS && defined HAVE_MEMORY_H
| #  include <memory.h>
| # endif
| # include <string.h>
| #endif
| #ifdef HAVE_STRINGS_H
| # include <strings.h>
| #endif
| #ifdef HAVE_INTTYPES_H
| # include <inttypes.h>
| #endif
| #ifdef HAVE_STDINT_H
| # include <stdint.h>
| #endif
| #ifdef HAVE_UNISTD_H
| # include <unistd.h>
| #endif
| int
| main ()
| {
| if (sizeof ((size_t)))
| 	    return 0;
|   ;
|   return 0;
| }
configure:3890: result: yes
configure:4060: creating ./config.status

## ---------------------- ##
## Running config.status. ##
## ---------------------- ##

This file was extended by Kaya 2010 config.status 1.37, which was
generated by GNU Autoconf 2.64.  Invocation command line was

  CONFIG_FILES    = 
  CONFIG_HEADERS  = 
  CONFIG_LINKS    = 
  CONFIG_COMMANDS = 
  $ ./config.status 

on ubuntu-desktop

config.status:773: creating Makefile
config.status:773: creating phase1/src/Makefile
config.status:773: creating phase2/src/Makefile
config.status:936: executing depfiles commands

## ---------------- ##
## Cache variables. ##
## ---------------- ##

ac_cv_c_compiler_gnu=yes
ac_cv_c_inline=inline
ac_cv_env_CC_set=
ac_cv_env_CC_value=
ac_cv_env_CFLAGS_set=
ac_cv_env_CFLAGS_value=
ac_cv_env_CPPFLAGS_set=
ac_cv_env_CPPFLAGS_value=
ac_cv_env_CPP_set=
ac_cv_env_CPP_value=
ac_cv_env_LDFLAGS_set=
ac_cv_env_LDFLAGS_value=
ac_cv_env_LIBS_set=
ac_cv_env_LIBS_value=
ac_cv_env_build_alias_set=
ac_cv_env_build_alias_value=
ac_cv_env_host_alias_set=
ac_cv_env_host_alias_value=
ac_cv_env_target_alias_set=
ac_cv_env_target_alias_value=
ac_cv_header_inttypes_h=yes
ac_cv_header_memory_h=yes
ac_cv_header_stdc=yes
ac_cv_header_stdint_h=yes
ac_cv_header_stdlib_h=yes
ac_cv_header_string_h=yes
ac_cv_header_strings_h=yes
ac_cv_header_sys_stat_h=yes
ac_cv_header_sys_types_h=yes
ac_cv_header_unistd_h=yes
ac_cv_objext=o
ac_cv_path_EGREP='/bin/grep -E'
ac_cv_path_GREP=/bin/grep
ac_cv_path_install='/usr/bin/install -c'
ac_cv_path_mkdir=/bin/mkdir
ac_cv_prog_AWK=mawk
ac_cv_prog_CPP='gcc -E'
ac_cv_prog_ac_ct_CC=gcc
ac_cv_prog_cc_c89=
ac_cv_prog_cc_g=yes
ac_cv_prog_make_make_set=yes
ac_cv_type_size_t=yes
am_cv_CC_dependencies_compiler_type=none

## ----------------- ##
## Output variables. ##
## ----------------- ##

ACLOCAL='${SHELL} /home/ubuntu/kaya/kaya2010/missing --run aclocal-1.11'
AMDEPBACKSLASH='\'
AMDEP_FALSE='#'
AMDEP_TRUE=''
AMTAR='${SHELL} /home/ubuntu/kaya/kaya2010/missing --run tar'
AUTOCONF='${SHELL} /home/ubuntu/kaya/kaya2010/missing --run autoconf'
AUTOHEADER='${SHELL} /home/ubuntu/kaya/kaya2010/missing --run autoheader'
AUTOMAKE='${SHELL} /home/ubuntu/kaya/kaya2010/missing --run automake-1.11'
AWK='mawk'
CC='gcc'
CCDEPMODE='depmode=none'
CFLAGS='-g -O2'
CPP='gcc -E'
CPPFLAGS=''
CYGPATH_W='echo'
DEFS='-DPACKAGE_NAME=\"Kaya\ 2010\" -DPACKAGE_TARNAME=\"kaya-2010\" -DPACKAGE_VERSION=\"1.37\" -DPACKAGE_STRING=\"Kaya\ 2010\ 1.37\" -DPACKAGE_BUGREPORT=\"ferrari@cs.unibo.it\ -\ iadarola@cs.unibo.it\" -DPACKAGE_URL=\"\" -DPACKAGE=\"kaya-2010\" -DVERSION=\"1.37\" -DSTDC_HEADERS=1 -DHAVE_SYS_TYPES_H=1 -DHAVE_SYS_STAT_H=1 -DHAVE_STDLIB_H=1 -DHAVE_STRING_H=1 -DHAVE_MEMORY_H=1 -DHAVE_STRINGS_H=1 -DHAVE_INTTYPES_H=1 -DHAVE_STDINT_H=1 -DHAVE_UNISTD_H=1'
DEPDIR='.deps'
ECHO_C=''
ECHO_N='-n'
ECHO_T=''
EGREP='/bin/grep -E'
EXEEXT=''
GREP='/bin/grep'
INSTALL_DATA='${INSTALL} -m 644'
INSTALL_PROGRAM='${INSTALL}'
INSTALL_SCRIPT='${INSTALL}'
INSTALL_STRIP_PROGRAM='$(install_sh) -c -s'
LDFLAGS=''
LIBOBJS=''
LIBS=''
LTLIBOBJS=''
MAKEINFO='${SHELL} /home/ubuntu/kaya/kaya2010/missing --run makeinfo'
MKDIR_P='/bin/mkdir -p'
OBJEXT='o'
PACKAGE='kaya-2010'
PACKAGE_BUGREPORT='ferrari@cs.unibo.it - iadarola@cs.unibo.it'
PACKAGE_NAME='Kaya 2010'
PACKAGE_STRING='Kaya 2010 1.37'
PACKAGE_TARNAME='kaya-2010'
PACKAGE_URL=''
PACKAGE_VERSION='1.37'
PATH_SEPARATOR=':'
SET_MAKE=''
SHELL='/bin/bash'
STRIP=''
VERSION='1.37'
ac_ct_CC='gcc'
am__EXEEXT_FALSE=''
am__EXEEXT_TRUE='#'
am__fastdepCC_FALSE=''
am__fastdepCC_TRUE='#'
am__include='include'
am__isrc=''
am__leading_dot='.'
am__quote=''
am__tar='${AMTAR} chof - "$$tardir"'
am__untar='${AMTAR} xf -'
bindir='${exec_prefix}/bin'
build_alias=''
datadir='${datarootdir}'
datarootdir='${prefix}/share'
docdir='${datarootdir}/doc/${PACKAGE_TARNAME}'
dvidir='${docdir}'
exec_prefix='${prefix}'
host_alias=''
htmldir='${docdir}'
includedir='${prefix}/include'
infodir='${datarootdir}/info'
install_sh='${SHELL} /home/ubuntu/kaya/kaya2010/install-sh'
libdir='${exec_prefix}/lib'
libexecdir='${exec_prefix}/libexec'
localedir='${datarootdir}/locale'
localstatedir='${prefix}/var'
mandir='${datarootdir}/man'
mkdir_p='/bin/mkdir -p'
oldincludedir='/usr/include'
pdfdir='${docdir}'
prefix='/usr/local'
program_transform_name='s,x,x,'
psdir='${docdir}'
sbindir='${exec_prefix}/sbin'
sharedstatedir='${prefix}/com'
sysconfdir='${prefix}/etc'
target_alias=''

## ----------- ##
## confdefs.h. ##
## ----------- ##

/* confdefs.h */
#define PACKAGE_NAME "Kaya 2010"
#define PACKAGE_TARNAME "kaya-2010"
#define PACKAGE_VERSION "1.37"
#define PACKAGE_STRING "Kaya 2010 1.37"
#define PACKAGE_BUGREPORT "ferrari@cs.unibo.it - iadarola@cs.unibo.it"
#define PACKAGE_URL ""
#define PACKAGE "kaya-2010"
#define VERSION "1.37"
#define STDC_HEADERS 1
#define HAVE_SYS_TYPES_H 1
#define HAVE_SYS_STAT_H 1
#define HAVE_STDLIB_H 1
#define HAVE_STRING_H 1
#define HAVE_MEMORY_H 1
#define HAVE_STRINGS_H 1
#define HAVE_INTTYPES_H 1
#define HAVE_STDINT_H 1
#define HAVE_UNISTD_H 1

configure: exit 0
